<?xml version="1.0" encoding="UTF-8"?>
<!-- Generated by org.testng.reporters.JUnitReportReporter -->
<testsuite hostname="LAPTOP-NT7ELRKO" name="firstjson.dynamic" tests="1" failures="0" timestamp="19 Aug 2021 11:12:36 GMT" time="0.231" errors="0">
  <testcase name="Main" time="0.231" classname="firstjson.dynamic"/>
</testsuite> <!-- firstjson.dynamic -->
